<?xml version="1.0" encoding="UTF-8"?>
<testsuite xmlns:xsi="http://www.w3.org/2001/XMLSchema-instance" xsi:noNamespaceSchemaLocation="https://maven.apache.org/surefire/maven-surefire-plugin/xsd/surefire-test-report-3.0.xsd" version="3.0" name="sv.edu.udb.SpringDiApplicationTests" time="6.26" tests="1" errors="0" skipped="0" failures="0">
  <properties>
[...]
</properties>
  <testcase name="contextLoads" classname="sv.edu.udb.SpringDiApplicationTests" time="2.555">
    <system-out><![CDATA[18:17:20.902 [main] INFO org.springframework.test.context.support.AnnotationConfigContextLoaderUtils -- Could not detect default configuration classes for test class [sv.edu.udb.SpringDiApplicationTests]: SpringDiApplicationTests does not declare any static, non-private, non-final, nested classes annotated with @Configuration.
18:17:21.232 [main] INFO org.springframework.boot.test.context.SpringBootTestContextBootstrapper -- Found @SpringBootConfiguration sv.edu.udb.SpringDiApplication for test class sv.edu.udb.SpringDiApplicationTests

  .   ____          _            __ _ _
 /\\ / ___'_ __ _ _(_)_ __  __ _ \ \ \ \
( ( )\___ | '_ | '_| | '_ \/ _` | \ \ \ \
 \\/  ___)| |_)| | | | | || (_| |  ) ) ) )
  '  |____| .__|_| |_|_| |_\__, | / / / /
 =========|_|==============|___/=/_/_/_/

 :: Spring Boot ::                (v3.3.8)

2025-07-08T18:17:22.546-06:00  INFO 52564 --- [spring-di] [           main] sv.edu.udb.SpringDiApplicationTests      : Starting SpringDiApplicationTests using Java 17.0.14 with PID 52564 (started by Administrador in C:\Users\Administrador\Downloads\spring-di23\spring-di)
2025-07-08T18:17:22.549-06:00  INFO 52564 --- [spring-di] [           main] sv.edu.udb.SpringDiApplicationTests      : No active profile set, falling back to 1 default profile: "default"
2025-07-08T18:17:23.985-06:00  INFO 52564 --- [spring-di] [           main] sv.edu.udb.SpringDiApplicationTests      : Started SpringDiApplicationTests in 2.298 seconds (process running for 5.984)
]]></system-out>
  </testcase>
</testsuite>